<?xml version="1.0" encoding="UTF-8"?>
<!-- Generated by org.testng.reporters.JUnitXMLReporter -->
<testsuite ignored="0" hostname="DESKTOP-EPGRNAL" failures="0" tests="3" name="Default test" time="99.191" errors="0" timestamp="2023-06-14T23:53:23 IST">
  <testcase classname="com.mystore.testCases.accountCreationPageTest" name="createNewAccount" time="18.213"/>
  <testcase classname="com.mystore.testCases.accountCreationPageTest" name="createNewAccount" time="16.596"/>
  <testcase classname="com.mystore.testCases.accountCreationPageTest" name="createNewAccount" time="16.723"/>
</testsuite> <!-- Default test -->
