<?xml version="1.0" encoding="UTF-8"?>
<testng-results ignored="0" total="3" passed="3" failed="0" skipped="0">
  <reporter-output>
  </reporter-output>
  <suite started-at="2023-06-14T23:51:44 IST" name="Default suite" finished-at="2023-06-14T23:53:23 IST" duration-ms="99191">
    <groups>
      <group name="Regression">
        <method signature="accountCreationPageTest.createNewAccount(java.util.HashMap)[pri:0, instance:com.mystore.testCases.accountCreationPageTest@79e4c792]" name="createNewAccount" class="com.mystore.testCases.accountCreationPageTest"/>
      </group> <!-- Regression -->
    </groups>
    <test started-at="2023-06-14T23:51:44 IST" name="Default test" finished-at="2023-06-14T23:53:23 IST" duration-ms="99191">
      <class name="com.mystore.testCases.accountCreationPageTest">
        <test-method is-config="true" signature="loadConfig()[pri:0, instance:com.mystore.testCases.accountCreationPageTest@79e4c792]" started-at="2023-06-14T23:51:43 IST" name="loadConfig" finished-at="2023-06-14T23:51:44 IST" duration-ms="1643" status="PASS">
          <reporter-output>
          </reporter-output>
        </test-method> <!-- loadConfig -->
        <test-method is-config="true" signature="setup()[pri:0, instance:com.mystore.testCases.accountCreationPageTest@79e4c792]" started-at="2023-06-14T23:51:45 IST" name="setup" finished-at="2023-06-14T23:52:02 IST" duration-ms="16725" status="PASS">
          <reporter-output>
          </reporter-output>
        </test-method> <!-- setup -->
        <test-method signature="createNewAccount(java.util.HashMap)[pri:0, instance:com.mystore.testCases.accountCreationPageTest@79e4c792]" started-at="2023-06-14T23:52:02 IST" name="createNewAccount" data-provider="newAcountDetailsData" finished-at="2023-06-14T23:52:20 IST" duration-ms="18213" status="PASS">
          <params>
            <param index="0">
              <value>
                <![CDATA[{Newsletter=Yes, =, Month=9, Email=lakshmi6@mailinator.com, Year=1990, FirstName=Lakshmi, Gender=Female, LastName=S, SetPassword=Lakshmi@7, OptinOffer=No, Day=7}]]>
              </value>
            </param>
          </params>
          <reporter-output>
          </reporter-output>
        </test-method> <!-- createNewAccount -->
        <test-method is-config="true" signature="tearDown()[pri:0, instance:com.mystore.testCases.accountCreationPageTest@79e4c792]" started-at="2023-06-14T23:52:20 IST" name="tearDown" finished-at="2023-06-14T23:52:21 IST" duration-ms="485" status="PASS">
          <reporter-output>
          </reporter-output>
        </test-method> <!-- tearDown -->
        <test-method is-config="true" signature="setup()[pri:0, instance:com.mystore.testCases.accountCreationPageTest@79e4c792]" started-at="2023-06-14T23:52:21 IST" name="setup" finished-at="2023-06-14T23:52:34 IST" duration-ms="12966" status="PASS">
          <reporter-output>
          </reporter-output>
        </test-method> <!-- setup -->
        <test-method signature="createNewAccount(java.util.HashMap)[pri:0, instance:com.mystore.testCases.accountCreationPageTest@79e4c792]" started-at="2023-06-14T23:52:34 IST" name="createNewAccount" data-provider="newAcountDetailsData" finished-at="2023-06-14T23:52:50 IST" duration-ms="16596" status="PASS">
          <params>
            <param index="0">
              <value>
                <![CDATA[{Newsletter=No, =, Month=5, Email=Jasu6@mailinator.com, Year=2021, FirstName=Jaswanthika, Gender=female, LastName=S, SetPassword=Jasu@31, OptinOffer=Yes, Day=31}]]>
              </value>
            </param>
          </params>
          <reporter-output>
          </reporter-output>
        </test-method> <!-- createNewAccount -->
        <test-method is-config="true" signature="tearDown()[pri:0, instance:com.mystore.testCases.accountCreationPageTest@79e4c792]" started-at="2023-06-14T23:52:50 IST" name="tearDown" finished-at="2023-06-14T23:52:51 IST" duration-ms="379" status="PASS">
          <reporter-output>
          </reporter-output>
        </test-method> <!-- tearDown -->
        <test-method is-config="true" signature="setup()[pri:0, instance:com.mystore.testCases.accountCreationPageTest@79e4c792]" started-at="2023-06-14T23:52:51 IST" name="setup" finished-at="2023-06-14T23:53:06 IST" duration-ms="14767" status="PASS">
          <reporter-output>
          </reporter-output>
        </test-method> <!-- setup -->
        <test-method signature="createNewAccount(java.util.HashMap)[pri:0, instance:com.mystore.testCases.accountCreationPageTest@79e4c792]" started-at="2023-06-14T23:53:06 IST" name="createNewAccount" data-provider="newAcountDetailsData" finished-at="2023-06-14T23:53:22 IST" duration-ms="16723" status="PASS">
          <params>
            <param index="0">
              <value>
                <![CDATA[{Newsletter=no, =, Month=6, Email=Sathish6@mailinator.com, Year=1987, FirstName=Sathish, Gender=male, LastName=R, SetPassword=sathish@14, OptinOffer=no, Day=14}]]>
              </value>
            </param>
          </params>
          <reporter-output>
          </reporter-output>
        </test-method> <!-- createNewAccount -->
        <test-method is-config="true" signature="tearDown()[pri:0, instance:com.mystore.testCases.accountCreationPageTest@79e4c792]" started-at="2023-06-14T23:53:22 IST" name="tearDown" finished-at="2023-06-14T23:53:23 IST" duration-ms="429" status="PASS">
          <reporter-output>
          </reporter-output>
        </test-method> <!-- tearDown -->
        <test-method is-config="true" signature="afterSuite()[pri:0, instance:com.mystore.testCases.accountCreationPageTest@79e4c792]" started-at="2023-06-14T23:53:23 IST" name="afterSuite" finished-at="2023-06-14T23:53:23 IST" duration-ms="594" status="PASS">
          <reporter-output>
          </reporter-output>
        </test-method> <!-- afterSuite -->
      </class> <!-- com.mystore.testCases.accountCreationPageTest -->
    </test> <!-- Default test -->
  </suite> <!-- Default suite -->
</testng-results>
