<?xml version="1.0" encoding="UTF-8"?>
<!-- Generated by org.testng.reporters.JUnitXMLReporter -->
<testsuite ignored="4" hostname="Sathish" failures="1" tests="5" name="Test" time="193.744" errors="0" timestamp="2023-06-07T14:37:18 IST">
  <testcase classname="com.mystore.testCases.loginPageTest" name="loginToApplication" time="21.799"/>
  <testcase classname="com.mystore.testCases.loginPageTest" name="loginToApplication" time="20.579">
    <failure type="java.lang.AssertionError" message="expected [http://automationpractice.pl/index.php?controller=my-account] but found [http://automationpractice.pl/index.php?controller=authentication]">
      <![CDATA[java.lang.AssertionError: expected [http://automationpractice.pl/index.php?controller=my-account] but found [http://automationpractice.pl/index.php?controller=authentication]
at com.mystore.testCases.loginPageTest.loginToApplication(loginPageTest.java:47)
at java.base/java.util.ArrayList.forEach(ArrayList.java:1511)
... Removed 33 stack frames]]>
    </failure>
  </testcase> <!-- loginToApplication -->
  <testcase classname="com.mystore.testCases.accountCreationPageTest" name="verifyAccountCreation" time="19.124"/>
  <testcase classname="com.mystore.testCases.indexPageTest" name="verifyLogo" time="0.623"/>
  <testcase classname="com.mystore.testCases.indexPageTest" name="verifyTitle" time="0.042"/>
  <testcase classname="com.mystoe.base.baseClass" name="@BeforeTest loadConfig" time="0.0">
    <ignored/>
  </testcase> <!-- @BeforeTest loadConfig -->
  <testcase classname="com.mystoe.base.baseClass" name="@BeforeTest loadConfig" time="0.0">
    <ignored/>
  </testcase> <!-- @BeforeTest loadConfig -->
  <testcase classname="com.mystoe.base.baseClass" name="@BeforeSuite beforeSuite" time="0.0">
    <ignored/>
  </testcase> <!-- @BeforeSuite beforeSuite -->
  <testcase classname="com.mystoe.base.baseClass" name="@BeforeSuite beforeSuite" time="0.0">
    <ignored/>
  </testcase> <!-- @BeforeSuite beforeSuite -->
</testsuite> <!-- Test -->
